	Exporter version: 4.6.1, Blender version: 2.78 (sub 0)
========= Conversion from Blender to Babylon.js =========
	Scene settings used:
		selected layers only:  false
		flat shading entire scene:  false
		inline textures:  false
		texture directory:  /Users/Teamwork/Dev/project-manager/Hackathon/models/
	Python World class constructor completed
	processing begun of mesh:  Model
		processing begun of Standard material:  FrontCol
		processing begun of Standard material:  Material.001
		processing begun of multimaterial:  star.Multimaterial#0
		num positions      :  812
		num normals        :  812
		num uvs            :  1624
		num uvs2           :  0
		num colors         :  0
		num indices        :  1644
	processing begun of mesh:  Camera.001
		WARNING: No materials have been assigned: 
		num positions      :  0
		num normals        :  0
		num uvs            :  0
		num uvs2           :  0
		num colors         :  0
		num indices        :  0
	processing begun of camera (FreeCamera):  Camera
	processing begun of light (POINT):  Lamp
========= Writing of scene file started =========
========= Writing of scene file completed =========
========= end of processing =========
elapsed time:  0 min, 0.0208 secs
